<?xml version="1.0" encoding="UTF-8"?>
<!-- Generated by org.testng.reporters.JUnitReportReporter -->
<testsuite hostname="Rakeshs-MacBook-Air.local" failures="0" tests="2" name="CodeStudio.PostRequest" time="2.420" errors="0" timestamp="2025-04-20T09:35:59 IST" skipped="0">
  <testcase classname="CodeStudio.PostRequest" name="createUserTest1" time="1.048"/>
  <testcase classname="CodeStudio.PostRequest" name="createUserTest" time="1.372"/>
</testsuite> <!-- CodeStudio.PostRequest -->
