<?xml version="1.0" encoding="UTF-8"?>
<!-- Generated by org.testng.reporters.JUnitReportReporter -->
<testsuite hostname="Rakeshs-MacBook-Air.local" failures="0" tests="1" name="API.SampleAPITest" time="0.884" errors="0" timestamp="2025-04-18T13:45:25 IST" skipped="0">
  <testcase classname="API.SampleAPITest" name="testGetUsers" time="0.884"/>
</testsuite> <!-- API.SampleAPITest -->
