<?xml version="1.0" encoding="UTF-8"?>
<!-- Generated by org.testng.reporters.JUnitReportReporter -->
<testsuite hostname="Rakeshs-MacBook-Air.local" failures="0" tests="3" name="CodeStudio.FirstGetRequest" time="1.417" errors="0" timestamp="2025-04-20T08:57:22 IST" skipped="0">
  <testcase classname="CodeStudio.FirstGetRequest" name="getRequest" time="0.051"/>
  <testcase classname="CodeStudio.FirstGetRequest" name="GetRequest01" time="0.641"/>
  <testcase classname="CodeStudio.FirstGetRequest" name="test03" time="0.725"/>
</testsuite> <!-- CodeStudio.FirstGetRequest -->
