<?xml version="1.0" encoding="UTF-8"?>
<!-- Generated by org.testng.reporters.JUnitReportReporter -->
<testsuite hostname="Rakeshs-MacBook-Air.local" failures="0" tests="10" name="API.ApiTests" time="9.958" errors="0" timestamp="2025-04-18T20:40:49 IST" skipped="0">
  <testcase classname="API.ApiTests" name="testCreateUser" time="1.503"/>
  <testcase classname="API.ApiTests" name="testGetSingleUser" time="0.281"/>
  <testcase classname="API.ApiTests" name="testPatchUser" time="0.622"/>
  <testcase classname="API.ApiTests" name="testRegisterUnsuccessful" time="0.607"/>
  <testcase classname="API.ApiTests" name="testUpdateUser" time="0.613"/>
  <testcase classname="API.ApiTests" name="testRegisterSuccessful" time="1.644"/>
  <testcase classname="API.ApiTests" name="testDeleteUser" time="0.611"/>
  <testcase classname="API.ApiTests" name="testGetAllUsers" time="0.228"/>
  <testcase classname="API.ApiTests" name="testDelayedResponse" time="3.646"/>
  <testcase classname="API.ApiTests" name="testUserNotFound" time="0.203"/>
</testsuite> <!-- API.ApiTests -->
