<?xml version="1.0" encoding="UTF-8"?>
<!-- Generated by org.testng.reporters.JUnitReportReporter -->
<testsuite hostname="Rakeshs-MacBook-Air.local" failures="0" tests="1" name="API.GetUserTest" time="0.822" errors="0" timestamp="2025-04-18T20:39:05 IST" skipped="0">
  <testcase classname="API.GetUserTest" name="getUsersList" time="0.822"/>
</testsuite> <!-- API.GetUserTest -->
